c:\users\יוסי בן שושן\my drive\afeka\שנה ב'\סמסטר א'\מבוא לתכנות מערכות\תרגילי בית\hw4\progress hw3\hw3\x64\debug\vc143.pdb
c:\users\יוסי בן שושן\my drive\afeka\שנה ב'\סמסטר א'\מבוא לתכנות מערכות\תרגילי בית\hw4\progress hw3\hw3\x64\debug\vc143.idb
c:\users\יוסי בן שושן\my drive\afeka\שנה ב'\סמסטר א'\מבוא לתכנות מערכות\תרגילי בית\hw4\progress hw3\hw3\x64\debug\supermarket.obj
c:\users\יוסי בן שושן\my drive\afeka\שנה ב'\סמסטר א'\מבוא לתכנות מערכות\תרגילי בית\hw4\progress hw3\hw3\x64\debug\superfile.obj
c:\users\יוסי בן שושן\my drive\afeka\שנה ב'\סמסטר א'\מבוא לתכנות מערכות\תרגילי בית\hw4\progress hw3\hw3\x64\debug\shoppingitem.obj
c:\users\יוסי בן שושן\my drive\afeka\שנה ב'\סמסטר א'\מבוא לתכנות מערכות\תרגילי בית\hw4\progress hw3\hw3\x64\debug\shoppingcart.obj
c:\users\יוסי בן שושן\my drive\afeka\שנה ב'\סמסטר א'\מבוא לתכנות מערכות\תרגילי בית\hw4\progress hw3\hw3\x64\debug\product.obj
c:\users\יוסי בן שושן\my drive\afeka\שנה ב'\סמסטר א'\מבוא לתכנות מערכות\תרגילי בית\hw4\progress hw3\hw3\x64\debug\main.obj
c:\users\יוסי בן שושן\my drive\afeka\שנה ב'\סמסטר א'\מבוא לתכנות מערכות\תרגילי בית\hw4\progress hw3\hw3\x64\debug\generallist.obj
c:\users\יוסי בן שושן\my drive\afeka\שנה ב'\סמסטר א'\מבוא לתכנות מערכות\תרגילי בית\hw4\progress hw3\hw3\x64\debug\general.obj
c:\users\יוסי בן שושן\my drive\afeka\שנה ב'\סמסטר א'\מבוא לתכנות מערכות\תרגילי בית\hw4\progress hw3\hw3\x64\debug\filehelper.obj
c:\users\יוסי בן שושן\my drive\afeka\שנה ב'\סמסטר א'\מבוא לתכנות מערכות\תרגילי בית\hw4\progress hw3\hw3\x64\debug\customer.obj
c:\users\יוסי בן שושן\my drive\afeka\שנה ב'\סמסטר א'\מבוא לתכנות מערכות\תרגילי בית\hw4\progress hw3\hw3\x64\debug\compress.obj
c:\users\יוסי בן שושן\my drive\afeka\שנה ב'\סמסטר א'\מבוא לתכנות מערכות\תרגילי בית\hw4\progress hw3\hw3\x64\debug\address.obj
c:\users\יוסי בן שושן\my drive\afeka\שנה ב'\סמסטר א'\מבוא לתכנות מערכות\תרגילי בית\hw4\progress hw3\hw3\x64\debug\hw3.exe
c:\users\יוסי בן שושן\my drive\afeka\שנה ב'\סמסטר א'\מבוא לתכנות מערכות\תרגילי בית\hw4\progress hw3\hw3\x64\debug\hw3.ilk
c:\users\יוסי בן שושן\my drive\afeka\שנה ב'\סמסטר א'\מבוא לתכנות מערכות\תרגילי בית\hw4\progress hw3\hw3\x64\debug\hw3.pdb
c:\users\יוסי בן שושן\my drive\afeka\שנה ב'\סמסטר א'\מבוא לתכנות מערכות\תרגילי בית\hw4\progress hw3\hw3\x64\debug\hw3.tlog\cl.command.1.tlog
c:\users\יוסי בן שושן\my drive\afeka\שנה ב'\סמסטר א'\מבוא לתכנות מערכות\תרגילי בית\hw4\progress hw3\hw3\x64\debug\hw3.tlog\cl.read.1.tlog
c:\users\יוסי בן שושן\my drive\afeka\שנה ב'\סמסטר א'\מבוא לתכנות מערכות\תרגילי בית\hw4\progress hw3\hw3\x64\debug\hw3.tlog\cl.write.1.tlog
c:\users\יוסי בן שושן\my drive\afeka\שנה ב'\סמסטר א'\מבוא לתכנות מערכות\תרגילי בית\hw4\progress hw3\hw3\x64\debug\hw3.tlog\link.command.1.tlog
c:\users\יוסי בן שושן\my drive\afeka\שנה ב'\סמסטר א'\מבוא לתכנות מערכות\תרגילי בית\hw4\progress hw3\hw3\x64\debug\hw3.tlog\link.read.1.tlog
c:\users\יוסי בן שושן\my drive\afeka\שנה ב'\סמסטר א'\מבוא לתכנות מערכות\תרגילי בית\hw4\progress hw3\hw3\x64\debug\hw3.tlog\link.write.1.tlog
